<?xml version="1.0" encoding="UTF-8"?>
<!-- Generated by org.testng.reporters.JUnitReportReporter -->
<testsuite hostname="DESKTOP-T3UULDR" failures="0" tests="2" name="cucumberOptions.TestRunner" time="0.534" errors="0" timestamp="2025-08-06T00:24:11 IST" skipped="0">
  <testcase classname="cucumberOptions.TestRunner" name="runScenario" time="0.274"/>
  <testcase classname="cucumberOptions.TestRunner" name="runScenario" time="0.260"/>
</testsuite> <!-- cucumberOptions.TestRunner -->
